2025-05-29T13:08:21.259548+0300 - INFO - Супер-админ Ramzil (865251371 сделал админом пользователя - 55 id
2025-06-23T14:09:19.509994+0300 - INFO - Админ 🇷🇺Данис🇷🇺 (784259987 cоздал вопрос-ответ Как дела?)
2025-06-23T14:10:15.438152+0300 - INFO - Админ 🇷🇺Данис🇷🇺 (784259987) создал новое мероприятие "Созвон"
2025-06-23T14:19:34.362806+0300 - INFO - админ 🇷🇺Данис🇷🇺 создал задачу Деплой
2025-06-23T18:25:42.566660+0300 - INFO - Супер-админ 🇷🇺Данис🇷🇺 (784259987) сделал админом пользователя - 30
2025-06-23T18:27:48.807916+0300 - INFO - Админ lig ma (1035648673) создал новое мероприятие "Чайхана"
2025-06-24T13:43:58.738805+0300 - INFO - Админ 🇷🇺Данис🇷🇺 (784259987 cоздал вопрос-ответ Стоимость доллара?)
2025-06-24T15:09:59.346646+0300 - INFO - Админ lig ma (1035648673 изменил список участников мероприятия Созвон)
2025-06-25T10:49:09.545581+0300 - INFO - Админ lig ma (1035648673) изменил список участников мероприятия Чайхана
2025-06-25T10:49:11.055607+0300 - INFO - Админ lig ma (1035648673) изменил список участников мероприятия Чайхана
2025-06-25T10:49:12.794920+0300 - INFO - Админ lig ma (1035648673) изменил список участников мероприятия Чайхана
2025-06-25T10:53:07.848091+0300 - INFO - Админ lig ma (1035648673) изменил список участников мероприятия Созвон
2025-06-25T10:53:09.211488+0300 - INFO - Админ lig ma (1035648673) изменил список участников мероприятия Созвон
2025-06-25T10:53:09.952927+0300 - INFO - Админ lig ma (1035648673) изменил список участников мероприятия Созвон
2025-06-25T10:59:01.541468+0300 - INFO - Админ 🇷🇺Данис🇷🇺 (784259987) изменил список участников мероприятия Созвон
2025-06-25T10:59:09.929775+0300 - INFO - Админ 🇷🇺Данис🇷🇺 (784259987 изменил список участников мероприятия Созвон)
2025-06-25T10:59:11.876374+0300 - INFO - Админ 🇷🇺Данис🇷🇺 (784259987 изменил список участников мероприятия Созвон)
2025-06-25T10:59:14.026733+0300 - INFO - Админ 🇷🇺Данис🇷🇺 (784259987 изменил список участников мероприятия Созвон)
2025-06-25T10:59:15.741917+0300 - INFO - Админ 🇷🇺Данис🇷🇺 (784259987 изменил список участников мероприятия Созвон)
2025-06-25T11:05:39.945930+0300 - INFO - Админ lig ma (1035648673) изменил список участников мероприятия Чайхана
2025-06-25T16:35:45.352258+0300 - INFO - Админ 🇷🇺Данис🇷🇺 (784259987 cоздал вопрос-ответ Какой то вопрос?)
2025-06-25T16:38:58.473494+0300 - INFO - Админ 🇷🇺Данис🇷🇺 (784259987) создал новое мероприятие "Мероприятие"
2025-06-25T16:39:11.549391+0300 - INFO - Админ 🇷🇺Данис🇷🇺 (784259987) изменил список участников мероприятия Мероприятие
2025-06-25T16:40:45.160382+0300 - INFO - админ 🇷🇺Данис🇷🇺 создал задачу Задача какая то
2025-06-25T17:06:07.097657+0300 - INFO - Супер-админ 🇷🇺Данис🇷🇺 (784259987) сделал админом пользователя - 32
